<?xml version="1.0" encoding="UTF-8"?>
<!-- Generated by org.testng.reporters.JUnitReportReporter -->
<testsuite skipped="0" hostname="DESKTOP-T5R30BF" name="com.Flexon.project.TestCalc2" tests="2" failures="0" timestamp="27 Mar 2019 05:21:43 GMT" time="0.004" errors="0">
  <testcase name="testSum3" time="0.000" classname="com.Flexon.project.TestCalc2"/>
  <testcase name="testSum2" time="0.004" classname="com.Flexon.project.TestCalc2"/>
</testsuite> <!-- com.Flexon.project.TestCalc2 -->
